GI/app/build/outputs/logs/manifest-merger-release-report.txt
-- Merging decision tree log ---
manifest
ADDED from src/main/AndroidManifest.xml:2:1-252:12
	package
		ADDED from src/main/AndroidManifest.xml:4:3-54
		INJECTED from src/main/AndroidManifest.xml
		INJECTED from src/main/AndroidManifest.xml
	android:versionName
		INJECTED from src/main/AndroidManifest.xml
		INJECTED from src/main/AndroidManifest.xml
	xmlns:tools
		ADDED from src/main/AndroidManifest.xml:3:3-49
	xmlns:android
		ADDED from src/main/AndroidManifest.xml:2:11-69
	android:versionCode
		INJECTED from src/main/AndroidManifest.xml
		INJECTED from src/main/AndroidManifest.xml
uses-sdk
ADDED from src/main/AndroidManifest.xml:7:2-9:35
MERGED from [com.squareup:android-times-square:1.6.5] AndroidManifest.xml:7:5-43
MERGED from [com.github.dmytrodanylyk.shadow-layout:library:1.0.3] AndroidManifest.xml:8:5-10:41
MERGED from [com.afollestad.material-dialogs:core:0.9.2.1] AndroidManifest.xml:8:5-11:75
MERGED from [com.android.support:support-v13:25.1.0] AndroidManifest.xml:21:5-23:55
MERGED from [me.zhanghai.android.materialprogressbar:library:1.3.0] AndroidManifest.xml:12:5-14:41
MERGED from [com.orhanobut:dialogplus:1.11] AndroidManifest.xml:6:5-8:41
MERGED from [com.rengwuxian.materialedittext:library:2.1.4] AndroidManifest.xml:6:5-8:41
MERGED from [com.android.support:design:25.1.0] AndroidManifest.xml:21:5-23:62
MERGED from [com.android.support:transition:25.1.0] AndroidManifest.xml:20:5-44
MERGED from [com.prolificinteractive:material-calendarview:1.4.2] AndroidManifest.xml:8:5-10:41
MERGED from [GI:sKAlertMessage:unspecified] AndroidManifest.xml:7:5-9:41
MERGED from [GI:sKCalendar:unspecified] AndroidManifest.xml:7:5-9:41
MERGED from [com.rockerhieu:rv-adapter-endless:1.1] AndroidManifest.xml:8:5-10:41
MERGED from [com.rockerhieu:rv-adapter:1.0] AndroidManifest.xml:8:5-10:41
MERGED from [com.android.support:recyclerview-v7:25.1.0] AndroidManifest.xml:20:5-43
MERGED from [com.github.florent37:viewanimator:1.0.5] AndroidManifest.xml:8:5-10:41
MERGED from [uk.co.chrisjenx:calligraphy:2.2.0] AndroidManifest.xml:7:5-9:41
MERGED from [com.android.support.constraint:constraint-layout:1.0.0-beta4] AndroidManifest.xml:5:5-7:41
MERGED from [GI:sKConnectionDetector:unspecified] AndroidManifest.xml:7:5-9:41
MERGED from [com.android.support:appcompat-v7:25.1.0] AndroidManifest.xml:21:5-23:78
MERGED from [com.android.support:animated-vector-drawable:25.1.0] AndroidManifest.xml:20:5-44
MERGED from [com.android.support:support-vector-drawable:25.1.0] AndroidManifest.xml:21:5-43
MERGED from [com.android.support:cardview-v7:25.1.0] AndroidManifest.xml:20:5-43
MERGED from [com.android.databinding:adapters:1.2.1] AndroidManifest.xml:22:5-24:41
MERGED from [com.android.databinding:library:1.2.1] AndroidManifest.xml:22:5-24:41
MERGED from [com.android.support:support-v4:25.1.0] AndroidManifest.xml:21:5-23:54
MERGED from [com.android.support:support-fragment:25.1.0] AndroidManifest.xml:21:5-23:60
MERGED from [com.android.support:support-media-compat:25.1.0] AndroidManifest.xml:21:5-23:63
MERGED from [com.android.support:support-core-ui:25.1.0] AndroidManifest.xml:21:5-23:58
MERGED from [com.android.support:support-core-utils:25.1.0] AndroidManifest.xml:21:5-23:61
MERGED from [com.android.support:support-compat:25.1.0] AndroidManifest.xml:21:5-23:58
	tools:overrideLibrary
		ADDED from [com.afollestad.material-dialogs:core:0.9.2.1] AndroidManifest.xml:11:9-72
	android:targetSdkVersion
		ADDED from src/main/AndroidManifest.xml:9:4-33
		INJECTED from src/main/AndroidManifest.xml
		INJECTED from src/main/AndroidManifest.xml
	android:minSdkVersion
		ADDED from src/main/AndroidManifest.xml:8:4-30
		INJECTED from src/main/AndroidManifest.xml
		INJECTED from src/main/AndroidManifest.xml
uses-permission#android.permission.RECEIVE_BOOT_COMPLETED
ADDED from src/main/AndroidManifest.xml:11:2-77
	android:name
		ADDED from src/main/AndroidManifest.xml:11:19-75
uses-permission#android.permission.VIBRATE
ADDED from src/main/AndroidManifest.xml:12:2-62
	android:name
		ADDED from src/main/AndroidManifest.xml:12:19-60
uses-permission#android.permission.READ_PHONE_STATE
ADDED from src/main/AndroidManifest.xml:13:2-71
	android:name
		ADDED from src/main/AndroidManifest.xml:13:19-69
uses-permission#android.permission.WRITE_EXTERNAL_STORAGE
ADDED from src/main/AndroidManifest.xml:14:2-77
	android:name
		ADDED from src/main/AndroidManifest.xml:14:19-75
uses-permission#android.permission.READ_EXTERNAL_STORAGE
ADDED from src/main/AndroidManifest.xml:15:2-76
	android:name
		ADDED from src/main/AndroidManifest.xml:15:19-74
uses-permission#android.permission.ACCESS_NETWORK_STATE
ADDED from src/main/AndroidManifest.xml:16:2-75
MERGED from [GI:sKConnectionDetector:unspecified] AndroidManifest.xml:11:5-79
	android:name
		ADDED from src/main/AndroidManifest.xml:16:19-73
uses-permission#android.permission.INTERNET
ADDED from src/main/AndroidManifest.xml:17:2-63
	android:name
		ADDED from src/main/AndroidManifest.xml:17:19-61
uses-permission#android.permission.BLUETOOTH
ADDED from src/main/AndroidManifest.xml:18:2-64
	android:name
		ADDED from src/main/AndroidManifest.xml:18:19-62
uses-permission#android.permission.BLUETOOTH_ADMIN
ADDED from src/main/AndroidManifest.xml:19:2-70
	android:name
		ADDED from src/main/AndroidManifest.xml:19:19-68
uses-permission#android.permission.MOUNT_UNMOUNT_FILESYSTEMS
ADDED from src/main/AndroidManifest.xml:20:2-80
	android:name
		ADDED from src/main/AndroidManifest.xml:20:19-78
uses-permission#android.permission.ACCESS_WIFI_STATE
ADDED from src/main/AndroidManifest.xml:21:2-72
	android:name
		ADDED from src/main/AndroidManifest.xml:21:19-70
uses-permission#android.permission.CHANGE_WIFI_STATE
ADDED from src/main/AndroidManifest.xml:22:2-72
	android:name
		ADDED from src/main/AndroidManifest.xml:22:19-70
uses-permission#android.permission.CLEAR_APP_CACHE
ADDED from src/main/AndroidManifest.xml:23:2-70
	android:name
		ADDED from src/main/AndroidManifest.xml:23:19-68
application
ADDED from src/main/AndroidManifest.xml:26:2-250:16
REJECTED from [com.github.dmytrodanylyk.shadow-layout:library:1.0.3] AndroidManifest.xml:12:5-20
REJECTED from [com.afollestad.material-dialogs:core:0.9.2.1] AndroidManifest.xml:13:5-20
REJECTED from [com.android.support:support-v13:25.1.0] AndroidManifest.xml:25:5-20
REJECTED from [com.android.support:design:25.1.0] AndroidManifest.xml:25:5-20
REJECTED from [com.android.support:transition:25.1.0] AndroidManifest.xml:22:5-20
REJECTED from [com.prolificinteractive:material-calendarview:1.4.2] AndroidManifest.xml:12:5-20
REJECTED from [GI:sKAlertMessage:unspecified] AndroidManifest.xml:11:5-23:19
REJECTED from [com.rockerhieu:rv-adapter-endless:1.1] AndroidManifest.xml:12:5-20
REJECTED from [com.rockerhieu:rv-adapter:1.0] AndroidManifest.xml:12:5-20
REJECTED from [uk.co.chrisjenx:calligraphy:2.2.0] AndroidManifest.xml:11:5-20
REJECTED from [com.android.support.constraint:constraint-layout:1.0.0-beta4] AndroidManifest.xml:9:5-20
REJECTED from [GI:sKConnectionDetector:unspecified] AndroidManifest.xml:13:5-26:19
REJECTED from [com.android.support:appcompat-v7:25.1.0] AndroidManifest.xml:25:5-20
REJECTED from [com.android.support:animated-vector-drawable:25.1.0] AndroidManifest.xml:22:5-20
REJECTED from [com.android.support:support-vector-drawable:25.1.0] AndroidManifest.xml:23:5-20
REJECTED from [com.android.support:cardview-v7:25.1.0] AndroidManifest.xml:22:5-20
REJECTED from [com.android.support:support-v4:25.1.0] AndroidManifest.xml:25:5-20
REJECTED from [com.android.support:support-fragment:25.1.0] AndroidManifest.xml:25:5-20
REJECTED from [com.android.support:support-media-compat:25.1.0] AndroidManifest.xml:25:5-20
REJECTED from [com.android.support:support-core-ui:25.1.0] AndroidManifest.xml:25:5-20
REJECTED from [com.android.support:support-core-utils:25.1.0] AndroidManifest.xml:25:5-20
REJECTED from [com.android.support:support-compat:25.1.0] AndroidManifest.xml:25:5-20
	tools:node
		ADDED from src/main/AndroidManifest.xml:31:4-24
	android:label
		ADDED from src/main/AndroidManifest.xml:29:4-42
	android:icon
		ADDED from src/main/AndroidManifest.xml:28:4-38
	android:theme
		ADDED from src/main/AndroidManifest.xml:30:4-48
	android:name
		ADDED from src/main/AndroidManifest.xml:27:4-35
activity#com.ignite.mdm.ticketing.agent.callcenter.MainActivity
ADDED from src/main/AndroidManifest.xml:32:3-41:14
	android:screenOrientation
		ADDED from src/main/AndroidManifest.xml:35:5-41
	android:label
		ADDED from src/main/AndroidManifest.xml:34:5-48
	android:name
		ADDED from src/main/AndroidManifest.xml:33:5-33
intent-filter#android.intent.action.MAIN+android.intent.category.LAUNCHER
ADDED from src/main/AndroidManifest.xml:36:4-40:20
action#android.intent.action.MAIN
ADDED from src/main/AndroidManifest.xml:37:5-56
	android:name
		ADDED from src/main/AndroidManifest.xml:37:13-54
category#android.intent.category.LAUNCHER
ADDED from src/main/AndroidManifest.xml:39:5-64
	android:name
		ADDED from src/main/AndroidManifest.xml:39:15-62
activity#com.ignite.mdm.ticketing.agent.callcenter.MenuActivity
ADDED from src/main/AndroidManifest.xml:42:3-44:43
	android:screenOrientation
		ADDED from src/main/AndroidManifest.xml:44:5-41
	android:name
		ADDED from src/main/AndroidManifest.xml:43:5-33
activity#com.ignite.mdm.ticketing.agent.callcenter.MainFragment
ADDED from src/main/AndroidManifest.xml:45:3-47:43
	android:screenOrientation
		ADDED from src/main/AndroidManifest.xml:47:5-41
	android:name
		ADDED from src/main/AndroidManifest.xml:46:5-33
activity#com.ignite.mdm.ticketing.agent.callcenter.MovieDateAndCinemaActivity
ADDED from src/main/AndroidManifest.xml:48:3-50:43
	android:screenOrientation
		ADDED from src/main/AndroidManifest.xml:50:5-41
	android:name
		ADDED from src/main/AndroidManifest.xml:49:5-47
activity#com.ignite.mdm.ticketing.agent.callcenter.MovieTimeActivity
ADDED from src/main/AndroidManifest.xml:51:3-53:43
	android:screenOrientation
		ADDED from src/main/AndroidManifest.xml:53:5-41
	android:name
		ADDED from src/main/AndroidManifest.xml:52:5-38
activity#com.ignite.mdm.ticketing.agent.callcenter.SelectingSeatActivity
ADDED from src/main/AndroidManifest.xml:54:3-56:43
	android:screenOrientation
		ADDED from src/main/AndroidManifest.xml:56:5-41
	android:name
		ADDED from src/main/AndroidManifest.xml:55:5-42
activity#com.ignite.mdm.ticketing.agent.callcenter.Movie_Info_Activity
ADDED from src/main/AndroidManifest.xml:57:3-59:43
	android:screenOrientation
		ADDED from src/main/AndroidManifest.xml:59:5-41
	android:name
		ADDED from src/main/AndroidManifest.xml:58:5-40
activity#com.ignite.mdm.ticketing.agent.callcenter.PDFMovieActivity
ADDED from src/main/AndroidManifest.xml:60:3-62:43
	android:screenOrientation
		ADDED from src/main/AndroidManifest.xml:62:5-41
	android:name
		ADDED from src/main/AndroidManifest.xml:61:5-37
activity#com.ignite.mdm.ticketing.agent.callcenter.BusConfirmActivity
ADDED from src/main/AndroidManifest.xml:63:3-66:62
	android:screenOrientation
		ADDED from src/main/AndroidManifest.xml:65:5-41
	android:theme
		ADDED from src/main/AndroidManifest.xml:66:5-60
	android:name
		ADDED from src/main/AndroidManifest.xml:64:5-39
activity#com.ignite.mdm.ticketing.agent.callcenter.UserLoginActivity
ADDED from src/main/AndroidManifest.xml:67:3-70:61
	android:screenOrientation
		ADDED from src/main/AndroidManifest.xml:69:5-41
	android:theme
		ADDED from src/main/AndroidManifest.xml:70:5-59
	android:name
		ADDED from src/main/AndroidManifest.xml:68:5-38
activity#com.ignite.mdm.ticketing.agent.callcenter.UserRegister
ADDED from src/main/AndroidManifest.xml:71:3-73:43
	android:screenOrientation
		ADDED from src/main/AndroidManifest.xml:73:5-41
	android:name
		ADDED from src/main/AndroidManifest.xml:72:5-33
activity#com.ignite.mdm.ticketing.agent.callcenter.SelectDateActivity
ADDED from src/main/AndroidManifest.xml:74:3-76:43
	android:screenOrientation
		ADDED from src/main/AndroidManifest.xml:76:5-41
	android:name
		ADDED from src/main/AndroidManifest.xml:75:5-39
activity#com.ignite.mdm.ticketing.agent.callcenter.TravelAgentsActivity
ADDED from src/main/AndroidManifest.xml:77:3-79:43
	android:screenOrientation
		ADDED from src/main/AndroidManifest.xml:79:5-41
	android:name
		ADDED from src/main/AndroidManifest.xml:78:5-41
activity#com.ignite.mdm.ticketing.agent.callcenter.DeperatureTimeActivity
ADDED from src/main/AndroidManifest.xml:80:3-82:43
	android:screenOrientation
		ADDED from src/main/AndroidManifest.xml:82:5-41
	android:name
		ADDED from src/main/AndroidManifest.xml:81:5-43
activity#com.ignite.mdm.ticketing.agent.callcenter.BusSelectSeatActivity
ADDED from src/main/AndroidManifest.xml:83:3-85:43
	android:screenOrientation
		ADDED from src/main/AndroidManifest.xml:85:5-41
	android:name
		ADDED from src/main/AndroidManifest.xml:84:5-42
activity#com.ignite.mdm.ticketing.agent.callcenter.Bus_Info_Activity
ADDED from src/main/AndroidManifest.xml:86:3-88:43
	android:screenOrientation
		ADDED from src/main/AndroidManifest.xml:88:5-41
	android:name
		ADDED from src/main/AndroidManifest.xml:87:5-38
activity#com.ignite.mdm.ticketing.agent.callcenter.PDFBusActivity
ADDED from src/main/AndroidManifest.xml:89:3-101:14
	android:screenOrientation
		ADDED from src/main/AndroidManifest.xml:91:5-41
	android:name
		ADDED from src/main/AndroidManifest.xml:90:5-35
intent-filter#android.intent.action.SEND+android.intent.category.DEFAULT
ADDED from src/main/AndroidManifest.xml:94:4-100:20
action#android.intent.action.SEND
ADDED from src/main/AndroidManifest.xml:95:5-56
	android:name
		ADDED from src/main/AndroidManifest.xml:95:13-54
category#android.intent.category.DEFAULT
ADDED from src/main/AndroidManifest.xml:97:5-63
	android:name
		ADDED from src/main/AndroidManifest.xml:97:15-61
data
ADDED from src/main/AndroidManifest.xml:99:5-42
	android:mimeType
		ADDED from src/main/AndroidManifest.xml:99:11-40
activity#com.ignite.mdm.ticketing.agent.callcenter.TicketPriceActivity
ADDED from src/main/AndroidManifest.xml:102:3-104:43
	android:screenOrientation
		ADDED from src/main/AndroidManifest.xml:104:5-41
	android:name
		ADDED from src/main/AndroidManifest.xml:103:5-40
activity#com.ignite.mdm.ticketing.agent.callcenter.ShowInfoActivity
ADDED from src/main/AndroidManifest.xml:105:3-107:43
	android:screenOrientation
		ADDED from src/main/AndroidManifest.xml:107:5-41
	android:name
		ADDED from src/main/AndroidManifest.xml:106:5-37
activity#com.ignite.mdm.ticketing.agent.callcenter.ShowInvoice
ADDED from src/main/AndroidManifest.xml:108:3-110:43
	android:screenOrientation
		ADDED from src/main/AndroidManifest.xml:110:5-41
	android:name
		ADDED from src/main/AndroidManifest.xml:109:5-32
activity#com.ignite.mdm.ticketing.agent.callcenter.PDFTicketActivity
ADDED from src/main/AndroidManifest.xml:111:3-113:44
	android:screenOrientation
		ADDED from src/main/AndroidManifest.xml:113:5-42
	android:name
		ADDED from src/main/AndroidManifest.xml:112:5-38
activity#com.ignite.mdm.ticketing.agent.callcenter.OtherListActivity
ADDED from src/main/AndroidManifest.xml:114:3-116:43
	android:screenOrientation
		ADDED from src/main/AndroidManifest.xml:116:5-41
	android:name
		ADDED from src/main/AndroidManifest.xml:115:5-38
activity#com.ignite.mdm.ticketing.agent.callcenter.BusTimeActivity
ADDED from src/main/AndroidManifest.xml:117:3-119:43
	android:screenOrientation
		ADDED from src/main/AndroidManifest.xml:119:5-41
	android:name
		ADDED from src/main/AndroidManifest.xml:118:5-36
activity#com.ignite.mdm.ticketing.agent.callcenter.BusTripsCityActivity
ADDED from src/main/AndroidManifest.xml:120:3-122:43
	android:screenOrientation
		ADDED from src/main/AndroidManifest.xml:122:5-41
	android:name
		ADDED from src/main/AndroidManifest.xml:121:5-41
activity#com.ignite.mdm.ticketing.agent.callcenter.BusMenuActivity
ADDED from src/main/AndroidManifest.xml:123:3-125:43
	android:screenOrientation
		ADDED from src/main/AndroidManifest.xml:125:5-41
	android:name
		ADDED from src/main/AndroidManifest.xml:124:5-36
activity#com.ignite.mdm.ticketing.agent.callcenter.BusBookingListActivity
ADDED from src/main/AndroidManifest.xml:126:3-128:43
	android:screenOrientation
		ADDED from src/main/AndroidManifest.xml:128:5-41
	android:name
		ADDED from src/main/AndroidManifest.xml:127:5-43
activity#com.ignite.mdm.ticketing.agent.callcenter.BusBookingConfirmDeleteActivity
ADDED from src/main/AndroidManifest.xml:129:3-131:43
	android:screenOrientation
		ADDED from src/main/AndroidManifest.xml:131:5-41
	android:name
		ADDED from src/main/AndroidManifest.xml:130:5-52
activity#com.ignite.mdm.ticketing.agent.callcenter.BusBookingDetailActivity
ADDED from src/main/AndroidManifest.xml:132:3-134:43
	android:screenOrientation
		ADDED from src/main/AndroidManifest.xml:134:5-41
	android:name
		ADDED from src/main/AndroidManifest.xml:133:5-45
activity#com.ignite.mdm.ticketing.agent.callcenter.BusOperatorActivity
ADDED from src/main/AndroidManifest.xml:135:3-137:43
	android:screenOrientation
		ADDED from src/main/AndroidManifest.xml:137:5-41
	android:name
		ADDED from src/main/AndroidManifest.xml:136:5-40
activity#com.ignite.mdm.ticketing.agent.callcenter.CheckBluetoothConnect
ADDED from src/main/AndroidManifest.xml:138:3-140:43
	android:screenOrientation
		ADDED from src/main/AndroidManifest.xml:140:5-41
	android:name
		ADDED from src/main/AndroidManifest.xml:139:5-42
activity#com.ignite.mdm.ticketing.agent.callcenter.HomeActivity
ADDED from src/main/AndroidManifest.xml:141:3-143:43
	android:screenOrientation
		ADDED from src/main/AndroidManifest.xml:143:5-41
	android:name
		ADDED from src/main/AndroidManifest.xml:142:5-33
activity#com.ignite.mdm.ticketing.agent.callcenter.NewSalesActivity
ADDED from src/main/AndroidManifest.xml:144:3-146:43
	android:screenOrientation
		ADDED from src/main/AndroidManifest.xml:146:5-41
	android:name
		ADDED from src/main/AndroidManifest.xml:145:5-37
activity#com.ignite.mdm.ticketing.agent.callcenter.OutstandingActivity
ADDED from src/main/AndroidManifest.xml:147:3-149:43
	android:screenOrientation
		ADDED from src/main/AndroidManifest.xml:149:5-41
	android:name
		ADDED from src/main/AndroidManifest.xml:148:5-40
activity#com.ignite.mdm.ticketing.agent.callcenter.SaleTicketActivity
ADDED from src/main/AndroidManifest.xml:150:3-153:43
	android:screenOrientation
		ADDED from src/main/AndroidManifest.xml:153:5-41
	android:label
		ADDED from src/main/AndroidManifest.xml:152:5-49
	android:name
		ADDED from src/main/AndroidManifest.xml:151:5-39
activity#com.ignite.mdm.ticketing.agent.callcenter.BusOperatorSeatsActivity
ADDED from src/main/AndroidManifest.xml:154:3-156:43
	android:screenOrientation
		ADDED from src/main/AndroidManifest.xml:156:5-41
	android:name
		ADDED from src/main/AndroidManifest.xml:155:5-45
activity#com.ignite.mdm.ticketing.agent.callcenter.SaleByTripDateActivity
ADDED from src/main/AndroidManifest.xml:157:3-160:43
	android:screenOrientation
		ADDED from src/main/AndroidManifest.xml:160:5-41
	android:label
		ADDED from src/main/AndroidManifest.xml:159:5-42
	android:name
		ADDED from src/main/AndroidManifest.xml:158:5-43
activity#com.ignite.mdm.ticketing.agent.callcenter.DeliveryActivity
ADDED from src/main/AndroidManifest.xml:161:3-165:14
	android:screenOrientation
		ADDED from src/main/AndroidManifest.xml:164:5-41
	android:label
		ADDED from src/main/AndroidManifest.xml:163:5-43
	android:name
		ADDED from src/main/AndroidManifest.xml:162:5-37
activity#com.ignite.mdm.ticketing.agent.callcenter.AgentSeatsBookingActivity
ADDED from src/main/AndroidManifest.xml:166:3-168:43
	android:screenOrientation
		ADDED from src/main/AndroidManifest.xml:168:5-41
	android:name
		ADDED from src/main/AndroidManifest.xml:167:5-46
activity#com.ignite.mdm.ticketing.agent.callcenter.HomeNewActivity
ADDED from src/main/AndroidManifest.xml:169:3-172:42
	android:screenOrientation
		ADDED from src/main/AndroidManifest.xml:171:5-41
	android:theme
		ADDED from src/main/AndroidManifest.xml:172:5-40
	android:name
		ADDED from src/main/AndroidManifest.xml:170:5-36
activity#com.ignite.mdm.ticketing.agent.callcenter.TourPackageActivity
ADDED from src/main/AndroidManifest.xml:173:3-176:43
	android:screenOrientation
		ADDED from src/main/AndroidManifest.xml:176:5-41
	android:label
		ADDED from src/main/AndroidManifest.xml:175:5-52
	android:name
		ADDED from src/main/AndroidManifest.xml:174:5-40
activity#com.ignite.mdm.ticketing.agent.callcenter.TourCompanyActivity
ADDED from src/main/AndroidManifest.xml:177:3-180:43
	android:screenOrientation
		ADDED from src/main/AndroidManifest.xml:180:5-41
	android:label
		ADDED from src/main/AndroidManifest.xml:179:5-46
	android:name
		ADDED from src/main/AndroidManifest.xml:178:5-40
activity#com.ignite.mdm.ticketing.agent.callcenter.TourDetailActivity
ADDED from src/main/AndroidManifest.xml:181:3-184:43
	android:screenOrientation
		ADDED from src/main/AndroidManifest.xml:184:5-41
	android:label
		ADDED from src/main/AndroidManifest.xml:183:5-51
	android:name
		ADDED from src/main/AndroidManifest.xml:182:5-39
activity#com.ignite.mdm.ticketing.agent.callcenter.CustomerInfoActivity
ADDED from src/main/AndroidManifest.xml:185:3-188:43
	android:screenOrientation
		ADDED from src/main/AndroidManifest.xml:188:5-41
	android:label
		ADDED from src/main/AndroidManifest.xml:187:5-48
	android:name
		ADDED from src/main/AndroidManifest.xml:186:5-41
activity#com.ignite.mdm.ticketing.agent.callcenter.RegisterActivity
ADDED from src/main/AndroidManifest.xml:189:3-192:43
	android:screenOrientation
		ADDED from src/main/AndroidManifest.xml:192:5-41
	android:label
		ADDED from src/main/AndroidManifest.xml:191:5-43
	android:name
		ADDED from src/main/AndroidManifest.xml:190:5-37
activity#com.ignite.mdm.ticketing.agent.callcenter.AgentDepositActivity
ADDED from src/main/AndroidManifest.xml:193:3-196:43
	android:screenOrientation
		ADDED from src/main/AndroidManifest.xml:196:5-41
	android:label
		ADDED from src/main/AndroidManifest.xml:195:5-48
	android:name
		ADDED from src/main/AndroidManifest.xml:194:5-41
activity#com.ignite.mdm.ticketing.agent.callcenter.TourConfirmActivity
ADDED from src/main/AndroidManifest.xml:197:3-200:43
	android:screenOrientation
		ADDED from src/main/AndroidManifest.xml:200:5-41
	android:label
		ADDED from src/main/AndroidManifest.xml:199:5-48
	android:name
		ADDED from src/main/AndroidManifest.xml:198:5-40
activity#com.ignite.mdm.ticketing.agent.callcenter.SettingActivity
ADDED from src/main/AndroidManifest.xml:201:3-204:43
	android:screenOrientation
		ADDED from src/main/AndroidManifest.xml:204:5-41
	android:label
		ADDED from src/main/AndroidManifest.xml:203:5-50
	android:name
		ADDED from src/main/AndroidManifest.xml:202:5-36
activity#com.ignite.mdm.ticketing.agent.callcenter.AgentDepositFillActivity
ADDED from src/main/AndroidManifest.xml:205:3-207:43
	android:screenOrientation
		ADDED from src/main/AndroidManifest.xml:207:5-41
	android:name
		ADDED from src/main/AndroidManifest.xml:206:5-45
activity#com.ignite.mdm.ticketing.agent.callcenter.CbOddPaymentActivity
ADDED from src/main/AndroidManifest.xml:208:3-210:43
	android:screenOrientation
		ADDED from src/main/AndroidManifest.xml:210:5-41
	android:name
		ADDED from src/main/AndroidManifest.xml:209:5-41
activity#com.ignite.mdm.ticketing.agent.callcenter.InvoiceActivity
ADDED from src/main/AndroidManifest.xml:211:3-219:14
	android:screenOrientation
		ADDED from src/main/AndroidManifest.xml:213:5-41
	android:parentActivityName
		ADDED from src/main/AndroidManifest.xml:215:5-50
	android:theme
		ADDED from src/main/AndroidManifest.xml:214:5-43
	android:name
		ADDED from src/main/AndroidManifest.xml:212:5-36
meta-data#android.support.PARENT_ACTIVITY
ADDED from src/main/AndroidManifest.xml:216:4-218:40
	android:value
		ADDED from src/main/AndroidManifest.xml:218:6-38
	android:name
		ADDED from src/main/AndroidManifest.xml:217:6-52
activity#com.ignite.mdm.ticketing.agent.callcenter.InvoiceDetailActivty
ADDED from src/main/AndroidManifest.xml:220:3-228:14
	android:screenOrientation
		ADDED from src/main/AndroidManifest.xml:222:5-41
	android:parentActivityName
		ADDED from src/main/AndroidManifest.xml:224:5-50
	android:theme
		ADDED from src/main/AndroidManifest.xml:223:5-43
	android:name
		ADDED from src/main/AndroidManifest.xml:221:5-41
activity#com.ignite.mdm.ticketing.agent.callcenter.ChangePasswordActivity
ADDED from src/main/AndroidManifest.xml:230:3-237:14
	android:screenOrientation
		ADDED from src/main/AndroidManifest.xml:232:5-41
	android:theme
		ADDED from src/main/AndroidManifest.xml:233:5-40
	android:name
		ADDED from src/main/AndroidManifest.xml:231:5-43
service#com.ignite.mdm.ticketing.agent.callcenter.NotiServiceActivity
ADDED from src/main/AndroidManifest.xml:240:3-49
	android:name
		ADDED from src/main/AndroidManifest.xml:240:12-47
receiver#com.ignite.mdm.ticketing.agent.callcenter.MyPhoneReceiver
ADDED from src/main/AndroidManifest.xml:242:3-249:14
	android:enabled
		ADDED from src/main/AndroidManifest.xml:244:5-27
	android:exported
		ADDED from src/main/AndroidManifest.xml:245:5-28
	android:name
		ADDED from src/main/AndroidManifest.xml:243:5-36
intent-filter#android.intent.action.BOOT_COMPLETED
ADDED from src/main/AndroidManifest.xml:246:4-248:20
action#android.intent.action.BOOT_COMPLETED
ADDED from src/main/AndroidManifest.xml:247:5-66
	android:name
		ADDED from src/main/AndroidManifest.xml:247:13-64